<?xml version="1.0" encoding="UTF-8"?>
<!-- Generated by org.testng.reporters.JUnitReportReporter -->
<testsuite hostname="ES-LAPTOP-680" failures="0" tests="1" name="base.basefile" time="4.439" errors="0" timestamp="2023-10-31T17:44:19 IST" skipped="0">
  <testcase classname="base.basefile" name="setup" time="4.439"/>
</testsuite> <!-- base.basefile -->
