<?xml version="1.0" encoding="UTF-8"?>
<!-- Generated by org.testng.reporters.JUnitReportReporter -->
<testsuite hostname="ES-LAPTOP-680" failures="0" tests="1" name="testcases.homePage" time="14.546" errors="0" timestamp="2024-03-04T22:56:50 IST" skipped="0">
  <testcase classname="testcases.homePage" name="getServices" time="14.546"/>
</testsuite> <!-- testcases.homePage -->
