<?xml version="1.0" encoding="UTF-8"?>
<!-- Generated by org.testng.reporters.JUnitReportReporter -->
<testsuite hostname="ES-LAPTOP-680" failures="0" tests="1" name="base.basefile" time="27.790" errors="0" timestamp="2023-10-31T19:01:16 IST" skipped="0">
  <testcase classname="base.basefile" name="setup" time="27.790"/>
</testsuite> <!-- base.basefile -->
