<?xml version="1.0" encoding="UTF-8"?>
<!-- Generated by org.testng.reporters.JUnitReportReporter -->
<testsuite hostname="ES-LAPTOP-680" failures="0" tests="1" name="testcases.login" time="0.220" errors="0" timestamp="2023-11-08T14:37:00 IST" skipped="0">
  <testcase classname="testcases.login" name="loginEo" time="0.220"/>
</testsuite> <!-- testcases.login -->
