<?xml version="1.0" encoding="UTF-8"?>
<!-- Generated by org.testng.reporters.JUnitReportReporter -->
<testsuite hostname="ES-LAPTOP-680" failures="0" tests="1" name="testcases.logIn" time="11.357" errors="0" timestamp="2024-03-03T00:18:23 IST" skipped="0">
  <testcase classname="testcases.logIn" name="loginMultipleCredentials" time="11.357"/>
</testsuite> <!-- testcases.logIn -->
