<?xml version="1.0" encoding="UTF-8"?>
<!-- Generated by org.testng.reporters.JUnitReportReporter -->
<testsuite hostname="ES-LAPTOP-680" failures="0" tests="1" name="testcases.importTest" time="5.206" errors="0" timestamp="2023-12-10T20:42:06 IST" skipped="0">
  <testcase classname="testcases.importTest" name="importproject" time="5.206"/>
</testsuite> <!-- testcases.importTest -->
