<?xml version="1.0" encoding="UTF-8"?>
<!-- Generated by org.testng.reporters.JUnitReportReporter -->
<testsuite hostname="ES-LAPTOP-680" failures="0" tests="1" name="testcases.login1" time="0.348" errors="0" timestamp="2023-11-08T14:54:08 IST" skipped="0">
  <testcase classname="testcases.login1" name="login_test" time="0.348"/>
</testsuite> <!-- testcases.login1 -->
