<?xml version="1.0" encoding="UTF-8"?>
<!-- Generated by org.testng.reporters.JUnitReportReporter -->
<testsuite hostname="ES-LAPTOP-680" failures="0" tests="1" name="testcases.saveSchedules" time="5.194" errors="0" timestamp="2024-02-18T13:23:16 IST" skipped="0">
  <testcase classname="testcases.saveSchedules" name="navigateToImport" time="5.194"/>
</testsuite> <!-- testcases.saveSchedules -->
