<?xml version="1.0" encoding="UTF-8"?>
<!-- Generated by org.testng.reporters.JUnitReportReporter -->
<testsuite hostname="ES-LAPTOP-680" failures="0" tests="1" name="base.login1" time="6.779" errors="0" timestamp="2023-11-08T16:18:47 IST" skipped="0">
  <testcase classname="base.login1" name="login_test" time="6.779"/>
</testsuite> <!-- base.login1 -->
