<?xml version="1.0" encoding="UTF-8"?>
<!-- Generated by org.testng.reporters.JUnitReportReporter -->
<testsuite hostname="ES-LAPTOP-680" failures="0" tests="1" name="testcases.login" time="14.394" errors="0" timestamp="2023-11-03T11:51:17 IST" skipped="0">
  <testcase classname="testcases.login" name="loginAo" time="14.394"/>
</testsuite> <!-- testcases.login -->
