<?xml version="1.0" encoding="UTF-8"?>
<!-- Generated by org.testng.reporters.JUnitReportReporter -->
<testsuite hostname="ES-LAPTOP-680" failures="0" tests="1" name="testcases.importTest" time="2.862" errors="0" timestamp="2024-03-06T08:30:29 IST" skipped="0">
  <testcase classname="testcases.importTest" name="navigateToImport" time="2.862"/>
</testsuite> <!-- testcases.importTest -->
