<?xml version="1.0" encoding="UTF-8"?>
<!-- Generated by org.testng.reporters.JUnitReportReporter -->
<testsuite hostname="ES-LAPTOP-680" failures="0" tests="2" name="testcases.homePage" time="21.472" errors="0" timestamp="2024-05-13T14:57:59 IST" skipped="0">
  <testcase classname="testcases.homePage" name="getUserName" time="10.374"/>
  <testcase classname="testcases.homePage" name="getServices" time="11.098"/>
</testsuite> <!-- testcases.homePage -->
